<?php
use \Psr\Http\Message\ServerRequestInterface as Request;
use \Psr\Http\Message\ResponseInterface as Response;

$app->options('/{routes:.+}', function ($request, $response, $args) {
    return $response;
});

$container = $app->getContainer();

$container['logger'] = function($c) {
    $logger = new \Monolog\Logger('my_logger');
    $file_handler = new \Monolog\Handler\StreamHandler("../logs/app.log");
    $logger->pushHandler($file_handler);
    return $logger;
};

$app->add(function ($req, $res, $next) {
    $response = $next($req, $res);
    return $response
            ->withHeader('Access-Control-Allow-Origin', '*')
            ->withHeader('Access-Control-Allow-Headers', 'X-Requested-With, Content-Type, Accept, Origin, Authorization')
            ->withHeader('Access-Control-Allow-Methods', 'GET, POST, PUT, DELETE, OPTIONS');
});

//Get All Alumnos
$app->get('/alumnos', function(Request $request, Response $response, $args){
    $this->logger->addInfo("get All Alumnos");
    $sql = "SELECT * FROM alumnos";
    try{
        // Get DB Object
        $db = new db();
        // Connect
        $db = $db->connect();
        $stmt = $db->query($sql);
        $customers = $stmt->fetchAll(PDO::FETCH_OBJ);
        $db = null;
        echo json_encode($customers);
    } catch(PDOException $e){
        echo '{"error": {"text": '.$e->getMessage().'}';
        $this->logger->addError($e->getMessage());
    }
});
